WARNING:  Master mirroring is not synchronized as of 2010-07-27 06:20:20 EDT (Connection error).  The GPDB system is currently not highly-available
20100727:10:54:24:gpstop:sdw51:gpadmin-[INFO]:-Starting gpstop with args: '-ia'
20100727:10:54:24:gpstop:sdw51:gpadmin-[INFO]:-Gathering information and validating the environment...
20100727:10:54:24:gpstop:sdw51:gpadmin-[INFO]:-Obtaining Greenplum Master catalog information
20100727:10:54:24:gpstop:sdw51:gpadmin-[INFO]:-Obtaining Segment details from master...
20100727:10:54:24:gpstop:sdw51:gpadmin-[INFO]:-Greenplum Version: 'postgres (Greenplum Database) 3.3.6.1 build 1'
20100727:10:54:24:gpstop:sdw51:gpadmin-[INFO]:-There are 0 connections to the database
20100727:10:54:24:gpstop:sdw51:gpadmin-[INFO]:-Commencing Master instance shutdown with mode='immediate'
20100727:10:54:24:gpstop:sdw51:gpadmin-[INFO]:-Master host=localhost
20100727:10:54:24:gpstop:sdw51:gpadmin-[INFO]:-Commencing Master instance shutdown with mode=immediate
20100727:10:54:24:gpstop:sdw51:gpadmin-[INFO]:-Master segment instance directory=/data/gpdb_master/gp-1
20100727:10:54:25:gpstop:sdw51:gpadmin-[INFO]:-No standby master host configured
20100727:10:54:25:gpstop:sdw51:gpadmin-[INFO]:-Commencing parallel segment instance shutdown, please wait...
..... 
20100727:10:54:30:gpstop:sdw51:gpadmin-[INFO]:-------------------------------------------------
20100727:10:54:30:gpstop:sdw51:gpadmin-[INFO]:-Parallel process exit status
20100727:10:54:30:gpstop:sdw51:gpadmin-[INFO]:-------------------------------------------------
20100727:10:54:30:gpstop:sdw51:gpadmin-[INFO]:-Total processes marked as completed         = 4
20100727:10:54:30:gpstop:sdw51:gpadmin-[INFO]:-Total processes marked as failed            = 0 
20100727:10:54:30:gpstop:sdw51:gpadmin-[INFO]:-------------------------------------------------
20100727:10:54:30:gpstop:sdw51:gpadmin-[INFO]:-Total instances marked invalid and bypassed = 0 
20100727:10:54:30:gpstop:sdw51:gpadmin-[INFO]:-Successfully shutdown 4 of 4 segment instances 
20100727:10:54:30:gpstop:sdw51:gpadmin-[INFO]:-Database successfully shutdown with no errors reported
[sdw52] 20100727:11:07:37:gpstart:sdw52:gpadmin-[INFO]:-Gathering information and validating the environment...
[sdw52] 20100727:11:07:38:gpstart:sdw52:gpadmin-[INFO]:-local Greenplum Version: 'postgres (Greenplum Database) 3.3.6.1 build 1'
[sdw52] 20100727:11:07:38:gpstart:sdw52:gpadmin-[INFO]:-Starting Master instance in admin mode
[sdw52] 20100727:11:07:39:gpstart:sdw52:gpadmin-[INFO]:-Obtaining Greenplum Master catalog information
[sdw52] 20100727:11:07:39:gpstart:sdw52:gpadmin-[INFO]:-Obtaining Segment details from master...
[sdw52] 20100727:11:07:39:gpstart:sdw52:gpadmin-[INFO]:-Master Started...
[sdw52] 20100727:11:07:39:gpstart:sdw52:gpadmin-[INFO]:-Shutting down master
[sdw52] 20100727:11:07:40:gpstart:sdw52:gpadmin-[INFO]:-No standby master configured.  skipping...
[sdw52] 20100727:11:07:41:gpstart:sdw52:gpadmin-[INFO]:-Commencing parallel segment instance startup, please wait...
[sdw52] ..................... 
[sdw52] 20100727:11:08:02:gpstart:sdw52:gpadmin-[INFO]:-Process results...
[sdw52] 20100727:11:08:02:gpstart:sdw52:gpadmin-[INFO]:-----------------------------------------------------
[sdw52] 20100727:11:08:02:gpstart:sdw52:gpadmin-[INFO]:-Total processes marked as completed             = 4
[sdw52] 20100727:11:08:02:gpstart:sdw52:gpadmin-[INFO]:-Total processes marked as failed                = 0 
[sdw52] 20100727:11:08:02:gpstart:sdw52:gpadmin-[INFO]:-----------------------------------------------------
[sdw52] 20100727:11:08:02:gpstart:sdw52:gpadmin-[INFO]:-Total instances marked invalid and bypassed     = 0 
[sdw52] 20100727:11:08:02:gpstart:sdw52:gpadmin-[INFO]:-Successfully started 4 of 4 segment instances 
[sdw52] 20100727:11:08:02:gpstart:sdw52:gpadmin-[INFO]:-----------------------------------------------------
[sdw52] 20100727:11:08:02:gpstart:sdw52:gpadmin-[INFO]:-Starting Master instance localhost directory /data/gpdb_master/gp-1 
[sdw52] 20100727:11:08:03:gpstart:sdw52:gpadmin-[INFO]:-Command pg_ctl reports Master localhost instance active
[sdw52] 20100727:11:08:03:gpstart:sdw52:gpadmin-[INFO]:-Database successfully started with no errors reported
[sdw52] WARNING:  Master mirroring is not synchronized as of 2010-07-27 06:20:20 EDT (Connection error).  The GPDB system is currently not highly-available
[sdw52] UPDATE 1
[sdw53] WARNING:  Master mirroring is not synchronized as of 2010-07-27 06:20:20 EDT (Connection error).  The GPDB system is currently not highly-available
[sdw53] INSERT 0 1
[sdw53] 20100727:10:51:14:gpstop:sdw53:gpadmin-[INFO]:-Starting gpstop with args: '-ia'
[sdw53] 20100727:10:51:14:gpstop:sdw53:gpadmin-[INFO]:-Gathering information and validating the environment...
[sdw53] 20100727:10:51:14:gpstop:sdw53:gpadmin-[INFO]:-Obtaining Greenplum Master catalog information
[sdw53] 20100727:10:51:14:gpstop:sdw53:gpadmin-[INFO]:-Obtaining Segment details from master...
[sdw53] 20100727:10:51:14:gpstop:sdw53:gpadmin-[INFO]:-Greenplum Version: 'postgres (Greenplum Database) 3.3.6.1 build 1'
[sdw53] 20100727:10:51:14:gpstop:sdw53:gpadmin-[INFO]:-There are 0 connections to the database
[sdw53] 20100727:10:51:14:gpstop:sdw53:gpadmin-[INFO]:-Commencing Master instance shutdown with mode='immediate'
[sdw53] 20100727:10:51:14:gpstop:sdw53:gpadmin-[INFO]:-Master host=localhost
[sdw53] 20100727:10:51:14:gpstop:sdw53:gpadmin-[INFO]:-Commencing Master instance shutdown with mode=immediate
[sdw53] 20100727:10:51:14:gpstop:sdw53:gpadmin-[INFO]:-Master segment instance directory=/data/gpdb_master/gp-1
[sdw53] 20100727:10:51:15:gpstop:sdw53:gpadmin-[INFO]:-No standby master host configured
[sdw53] 20100727:10:51:15:gpstop:sdw53:gpadmin-[INFO]:-Commencing parallel segment instance shutdown, please wait...
[sdw53] ..... 
[sdw53] 20100727:10:51:20:gpstop:sdw53:gpadmin-[INFO]:-------------------------------------------------
[sdw53] 20100727:10:51:20:gpstop:sdw53:gpadmin-[INFO]:-Parallel process exit status
[sdw53] 20100727:10:51:20:gpstop:sdw53:gpadmin-[INFO]:-------------------------------------------------
[sdw53] 20100727:10:51:20:gpstop:sdw53:gpadmin-[INFO]:-Total processes marked as completed         = 4
[sdw53] 20100727:10:51:20:gpstop:sdw53:gpadmin-[INFO]:-Total processes marked as failed            = 0 
[sdw53] 20100727:10:51:20:gpstop:sdw53:gpadmin-[INFO]:-------------------------------------------------
[sdw53] 20100727:10:51:20:gpstop:sdw53:gpadmin-[INFO]:-Total instances marked invalid and bypassed = 0 
[sdw53] 20100727:10:51:20:gpstop:sdw53:gpadmin-[INFO]:-Successfully shutdown 4 of 4 segment instances 
[sdw53] 20100727:10:51:20:gpstop:sdw53:gpadmin-[INFO]:-Database successfully shutdown with no errors reported
[sdw53] mv /data/gpdb_master/gp-1 /data/gpdb_master/gp-1.old
[sdw53] rsync -a sdw51-1:/data/gpdb_master/gp-1 /data/gpdb_master
[sdw53] mv /data/gpdb_p1/gp0 /data/gpdb_p1/gp0.old
[sdw53] rsync -a sdw51-2:/data/gpdb_p1/gp0 /data/gpdb_p1
[sdw53] mv /data/gpdb_p2/gp1 /data/gpdb_p2/gp1.old
[sdw53] rsync -a sdw51-3:/data/gpdb_p2/gp1 /data/gpdb_p2
[sdw53] mv /data/gpdb_p3/gp2 /data/gpdb_p3/gp2.old
[sdw53] rsync -a sdw51-4:/data/gpdb_p3/gp2 /data/gpdb_p3
[sdw53] mv /data/gpdb_p4/gp3 /data/gpdb_p4/gp3.old
[sdw53] rsync -a sdw51-1:/data/gpdb_p4/gp3 /data/gpdb_p4
[sdw53] 20100727:11:04:15:gpstart:sdw53:gpadmin-[INFO]:-Starting gpstart with args: '-a'
[sdw53] 20100727:11:04:15:gpstart:sdw53:gpadmin-[INFO]:-Gathering information and validating the environment...
[sdw53] 20100727:11:04:15:gpstart:sdw53:gpadmin-[INFO]:-local Greenplum Version: 'postgres (Greenplum Database) 3.3.6.1 build 1'
[sdw53] 20100727:11:04:15:gpstart:sdw53:gpadmin-[INFO]:-Starting Master instance in admin mode
[sdw53] 20100727:11:04:16:gpstart:sdw53:gpadmin-[INFO]:-Obtaining Greenplum Master catalog information
[sdw53] 20100727:11:04:16:gpstart:sdw53:gpadmin-[INFO]:-Obtaining Segment details from master...
[sdw53] 20100727:11:04:17:gpstart:sdw53:gpadmin-[INFO]:-Master Started...
[sdw53] 20100727:11:04:17:gpstart:sdw53:gpadmin-[INFO]:-Shutting down master
[sdw53] 20100727:11:04:18:gpstart:sdw53:gpadmin-[INFO]:-No standby master configured.  skipping...
[sdw53] 20100727:11:04:18:gpstart:sdw53:gpadmin-[INFO]:-Commencing parallel segment instance startup, please wait...
[sdw53] ........ 
[sdw53] 20100727:11:04:26:gpstart:sdw53:gpadmin-[INFO]:-Process results...
[sdw53] 20100727:11:04:26:gpstart:sdw53:gpadmin-[INFO]:-----------------------------------------------------
[sdw53] 20100727:11:04:26:gpstart:sdw53:gpadmin-[INFO]:-Total processes marked as completed             = 4
[sdw53] 20100727:11:04:26:gpstart:sdw53:gpadmin-[INFO]:-Total processes marked as failed                = 0 
[sdw53] 20100727:11:04:26:gpstart:sdw53:gpadmin-[INFO]:-----------------------------------------------------
[sdw53] 20100727:11:04:26:gpstart:sdw53:gpadmin-[INFO]:-Total instances marked invalid and bypassed     = 0 
[sdw53] 20100727:11:04:26:gpstart:sdw53:gpadmin-[INFO]:-Successfully started 4 of 4 segment instances 
[sdw53] 20100727:11:04:26:gpstart:sdw53:gpadmin-[INFO]:-----------------------------------------------------
[sdw53] 20100727:11:04:26:gpstart:sdw53:gpadmin-[INFO]:-Starting Master instance localhost directory /data/gpdb_master/gp-1 
[sdw53] 20100727:11:04:27:gpstart:sdw53:gpadmin-[INFO]:-Command pg_ctl reports Master localhost instance active
[sdw53] 20100727:11:04:27:gpstart:sdw53:gpadmin-[INFO]:-Database successfully started with no errors reported
[sdw53] WARNING:  Master mirroring is not synchronized as of 2010-07-27 06:20:20 EDT (Connection error).  The GPDB system is currently not highly-available
[sdw53] UPDATE 1
[sdw56] 20100727:11:22:11:gpstart:sdw56:gpadmin-[INFO]:-Gathering information and validating the environment...
[sdw56] 20100727:11:22:11:gpstart:sdw56:gpadmin-[INFO]:-local Greenplum Version: 'postgres (Greenplum Database) 3.3.6.1 build 1'
[sdw56] 20100727:11:22:11:gpstart:sdw56:gpadmin-[INFO]:-Starting Master instance in admin mode
[sdw56] 20100727:11:22:12:gpstart:sdw56:gpadmin-[INFO]:-Obtaining Greenplum Master catalog information
[sdw56] 20100727:11:22:12:gpstart:sdw56:gpadmin-[INFO]:-Obtaining Segment details from master...
[sdw56] 20100727:11:22:12:gpstart:sdw56:gpadmin-[INFO]:-Master Started...
[sdw56] 20100727:11:22:12:gpstart:sdw56:gpadmin-[INFO]:-Shutting down master
[sdw56] 20100727:11:22:14:gpstart:sdw56:gpadmin-[INFO]:-No standby master configured.  skipping...
[sdw56] 20100727:11:22:14:gpstart:sdw56:gpadmin-[INFO]:-Commencing parallel segment instance startup, please wait...
[sdw56] ....... 
[sdw56] 20100727:11:22:21:gpstart:sdw56:gpadmin-[INFO]:-Process results...
[sdw56] 20100727:11:22:21:gpstart:sdw56:gpadmin-[INFO]:-----------------------------------------------------
[sdw56] 20100727:11:22:21:gpstart:sdw56:gpadmin-[INFO]:-Total processes marked as completed             = 4
[sdw56] 20100727:11:22:21:gpstart:sdw56:gpadmin-[INFO]:-Total processes marked as failed                = 0 
[sdw56] 20100727:11:22:21:gpstart:sdw56:gpadmin-[INFO]:-----------------------------------------------------
[sdw56] 20100727:11:22:21:gpstart:sdw56:gpadmin-[INFO]:-Total instances marked invalid and bypassed     = 0 
[sdw56] 20100727:11:22:21:gpstart:sdw56:gpadmin-[INFO]:-Successfully started 4 of 4 segment instances 
[sdw56] 20100727:11:22:21:gpstart:sdw56:gpadmin-[INFO]:-----------------------------------------------------
[sdw56] 20100727:11:22:21:gpstart:sdw56:gpadmin-[INFO]:-Starting Master instance localhost directory /data/gpdb_master/gp-1 
[sdw56] 20100727:11:22:22:gpstart:sdw56:gpadmin-[INFO]:-Command pg_ctl reports Master localhost instance active
[sdw56] 20100727:11:22:22:gpstart:sdw56:gpadmin-[INFO]:-Database successfully started with no errors reported
[sdw56] WARNING:  Master mirroring is not synchronized as of 2010-07-27 06:20:20 EDT (Connection error).  The GPDB system is currently not highly-available
[sdw56] UPDATE 1
[sdw52] removing /data/gpdb_master/gp-1.old
[sdw52] removing /data/gpdb_p1/gp0.old
[sdw52] removing /data/gpdb_p2/gp1.old
[sdw52] removing /data/gpdb_p3/gp2.old
[sdw52] removing /data/gpdb_p4/gp3.old
[sdw53] removing /data/gpdb_master/gp-1.old
[sdw53] removing /data/gpdb_p1/gp0.old
[sdw53] removing /data/gpdb_p2/gp1.old
[sdw53] removing /data/gpdb_p3/gp2.old
[sdw53] removing /data/gpdb_p4/gp3.old
[sdw56] removing /data/gpdb_master/gp-1.old
[sdw56] removing /data/gpdb_p1/gp0.old
[sdw56] removing /data/gpdb_p2/gp1.old
[sdw56] removing /data/gpdb_p3/gp2.old
[sdw56] removing /data/gpdb_p4/gp3.old
