SET
SET
SET
SET
SET
SET
SET
SET
 setval 
--------
    218
(1 row)

 setval 
--------
    283
(1 row)

 setval 
--------
     38
(1 row)

 setval 
--------
 109937
(1 row)

 setval 
--------
     20
(1 row)

 setval 
--------
     75
(1 row)

 setval 
--------
      5
(1 row)

 setval 
--------
     60
(1 row)

 setval 
--------
 409566
(1 row)

 setval 
--------
      5
(1 row)

 setval 
--------
     60
(1 row)

 setval 
--------
 644929
(1 row)

 setval 
--------
 409123
(1 row)

 setval 
--------
     19
(1 row)

 setval 
--------
      1
(1 row)

 setval 
--------
      1
(1 row)

 setval 
--------
  19170
(1 row)

 setval 
--------
  19170
(1 row)

 setval 
--------
      1
(1 row)

 setval 
--------
      1
(1 row)

 setval 
--------
    292
(1 row)

 setval 
--------
      1
(1 row)

 setval 
--------
  23445
(1 row)

 setval 
--------
  23525
(1 row)

 setval 
--------
      2
(1 row)

 setval 
--------
   3612
(1 row)

 setval 
--------
    482
(1 row)

 setval 
--------
    520
(1 row)

 setval 
--------
     38
(1 row)

 setval 
--------
    304
(1 row)

 setval 
--------
 115844
(1 row)

 setval 
--------
    302
(1 row)

 setval 
--------
      1
(1 row)

